server/application/use-cases/attendance/get-all-attendances.use-case.test.ts(7,33): error TS2307: Cannot find module '@/shared/common/pagination' or its corresponding type declarations.
server/application/use-cases/attendance/get-all-attendances.use-case.ts(1,51): error TS2307: Cannot find module '@/shared/common/pagination' or its corresponding type declarations.
server/application/use-cases/members/get-all-members.use-case.test.ts(7,33): error TS2307: Cannot find module '@/shared/common/pagination' or its corresponding type declarations.
server/application/use-cases/members/get-all-members.use-case.ts(4,8): error TS2307: Cannot find module '@/shared/common/pagination' or its corresponding type declarations.
server/application/use-cases/memberships/get-all-memberships.use-case.test.ts(7,33): error TS2307: Cannot find module '@/shared/common/pagination' or its corresponding type declarations.
server/application/use-cases/memberships/get-all-memberships.use-case.ts(4,51): error TS2307: Cannot find module '@/shared/common/pagination' or its corresponding type declarations.
server/application/use-cases/organizations/get-all-organizations.use-case.test.ts(7,33): error TS2307: Cannot find module '@/shared/common/pagination' or its corresponding type declarations.
server/application/use-cases/organizations/get-all-organizations.use-case.ts(1,51): error TS2307: Cannot find module '@/shared/common/pagination' or its corresponding type declarations.
server/application/use-cases/plans/get-all-plans.use-case.test.ts(7,33): error TS2307: Cannot find module '@/shared/common/pagination' or its corresponding type declarations.
server/application/use-cases/plans/get-all-plans.use-case.ts(8,8): error TS2307: Cannot find module '@/shared/common/pagination' or its corresponding type declarations.
server/application/use-cases/products/get-all-products.use-case.ts(4,34): error TS2307: Cannot find module '@/shared/common/pagination' or its corresponding type declarations.
server/application/use-cases/system/system-get-all-organizations.use-case.test.ts(6,33): error TS2307: Cannot find module '@/shared/common/pagination' or its corresponding type declarations.
server/application/use-cases/system/system-get-all-organizations.use-case.ts(4,51): error TS2307: Cannot find module '@/shared/common/pagination' or its corresponding type declarations.
server/application/use-cases/users/get-all-users.use-case.test.ts(7,33): error TS2307: Cannot find module '@/shared/common/pagination' or its corresponding type declarations.
server/application/use-cases/users/get-all-users.use-case.ts(3,51): error TS2307: Cannot find module '@/shared/common/pagination' or its corresponding type declarations.
server/infrastructure/persistence/repositories/attendance.repository.ts(10,8): error TS2307: Cannot find module '@/shared/common/pagination' or its corresponding type declarations.
server/infrastructure/persistence/repositories/base.repository.ts(9,8): error TS2307: Cannot find module '@/shared/common/pagination' or its corresponding type declarations.
server/infrastructure/persistence/repositories/members.repository.ts(13,8): error TS2307: Cannot find module '@/shared/common/pagination' or its corresponding type declarations.
server/infrastructure/persistence/repositories/memberships.repository.ts(10,51): error TS2307: Cannot find module '@/shared/common/pagination' or its corresponding type declarations.
server/infrastructure/persistence/repositories/system.repository.ts(7,51): error TS2307: Cannot find module '@/shared/common/pagination' or its corresponding type declarations.
server/infrastructure/persistence/repositories/system.repository.ts(64,50): error TS7006: Parameter 'term' implicitly has an 'any' type.
server/interface-adapters/controllers/attendance/get-all-attendances.controller.ts(3,51): error TS2307: Cannot find module '@/shared/common/pagination' or its corresponding type declarations.
server/interface-adapters/controllers/members/get-all-members.controller.ts(4,51): error TS2307: Cannot find module '@/shared/common/pagination' or its corresponding type declarations.
server/interface-adapters/controllers/memberships/get-all-memberships.controller.ts(3,51): error TS2307: Cannot find module '@/shared/common/pagination' or its corresponding type declarations.
server/interface-adapters/controllers/organizations/get-all-organizations.controller.ts(3,33): error TS2307: Cannot find module '@/shared/common/pagination' or its corresponding type declarations.
server/interface-adapters/controllers/plans/get-all-plans.controller.ts(4,51): error TS2307: Cannot find module '@/shared/common/pagination' or its corresponding type declarations.
server/interface-adapters/controllers/products/get-all-products.controller.ts(3,33): error TS2307: Cannot find module '@/shared/common/pagination' or its corresponding type declarations.
server/interface-adapters/controllers/system/system-get-all-organizations.controller.ts(3,33): error TS2307: Cannot find module '@/shared/common/pagination' or its corresponding type declarations.
server/interface-adapters/controllers/system/system-get-all-organizations.controller.ts(5,34): error TS2307: Cannot find module '@/shared/common/pagination' or its corresponding type declarations.
server/interface-adapters/controllers/system/system-get-all-organizations.controller.ts(17,41): error TS7006: Parameter 'org' implicitly has an 'any' type.
